
2021-05-15 20:01:38 - INFO - Login done.
2021-05-15 20:01:38 - INFO - Login done.
2021-05-15 20:01:41 - ERROR - Personal code or length of your password is incorrect . 
2021-05-15 20:01:41 - ERROR - Personal code or length of your password is incorrect . 
2021-05-15 20:06:09 - INFO - Login done.
2021-05-15 20:06:09 - INFO - Login done.
2021-05-15 20:06:11 - INFO - Personal code and length of your password is correct.
2021-05-15 20:06:11 - INFO - Personal code and length of your password is correct.
2021-05-15 20:06:42 - INFO - The course selected.
2021-05-15 20:06:42 - INFO - The course selected.
2021-05-15 20:10:58 - ERROR - invalid username or password!
2021-05-15 20:10:58 - ERROR - invalid username or password!
2021-05-15 20:11:35 - INFO - Login done.
2021-05-15 20:11:35 - INFO - Login done.
2021-05-15 20:13:22 - INFO - Login done.
2021-05-15 20:13:22 - INFO - Login done.
2021-05-15 20:13:25 - INFO - Personal code and length of your password is correct.
2021-05-15 20:13:25 - INFO - Personal code and length of your password is correct.
2021-05-15 20:20:53 - INFO - Login done.
2021-05-15 20:20:53 - INFO - Login done.
2021-05-15 20:25:16 - INFO - Login done.
2021-05-15 20:25:16 - INFO - Login done.
2021-05-15 20:31:15 - INFO - Login done.
2021-05-15 20:31:15 - INFO - Login done.
2021-05-15 20:32:22 - INFO - Login done.
2021-05-15 20:32:22 - INFO - Login done.
2021-05-15 20:40:04 - INFO - Login done.
2021-05-15 20:40:04 - INFO - Login done.
2021-05-15 20:40:22 - INFO - Login done.
2021-05-15 20:40:22 - INFO - Login done.
2021-05-15 20:54:38 - INFO - Login done.
2021-05-15 20:54:38 - INFO - Login done.
2021-05-15 20:55:44 - INFO - Login done.
2021-05-15 20:55:44 - INFO - Login done.
2021-05-15 20:59:07 - INFO - Login done.
2021-05-15 20:59:07 - INFO - Login done.
2021-05-15 21:21:22 - ERROR - invalid username or password!
2021-05-15 21:21:22 - ERROR - invalid username or password!
2021-05-15 21:22:08 - INFO - Login done.
2021-05-15 21:22:08 - INFO - Login done.
2021-05-15 21:38:48 - INFO - Login done.
2021-05-15 21:38:48 - INFO - Login done.
2021-05-15 21:38:51 - INFO - Personal code and length of your password is correct.
2021-05-15 21:38:51 - INFO - Personal code and length of your password is correct.
2021-05-15 21:39:32 - INFO - The course selected.
2021-05-15 21:39:32 - INFO - The course selected.
2021-05-15 21:40:26 - INFO - The course selected.
2021-05-15 21:40:26 - INFO - The course selected.
2021-05-15 21:57:19 - INFO - Login done.
2021-05-15 21:57:19 - INFO - Login done.
2021-05-15 21:57:21 - INFO - Personal code and length of your password is correct.
2021-05-15 21:57:21 - INFO - Personal code and length of your password is correct.
2021-05-15 21:57:46 - INFO - The course selected.
2021-05-15 21:57:46 - INFO - The course selected.
2021-05-15 21:58:40 - INFO - The course selected.
2021-05-15 21:58:40 - INFO - The course selected.
2021-05-15 22:00:57 - INFO - Login done.
2021-05-15 22:00:57 - INFO - Login done.
2021-05-15 22:01:08 - INFO - Personal code and length of your password is correct.
2021-05-15 22:01:08 - INFO - Personal code and length of your password is correct.
2021-05-15 22:01:31 - INFO - Login done.
2021-05-15 22:01:31 - INFO - Login done.
2021-05-15 22:01:35 - INFO - Personal code and length of your password is correct.
2021-05-15 22:01:35 - INFO - Personal code and length of your password is correct.
2021-05-15 22:03:57 - INFO - The course deleted.
2021-05-15 22:03:57 - INFO - The course deleted.
2021-05-15 22:06:32 - INFO - Login done.
2021-05-15 22:06:32 - INFO - Login done.
2021-05-15 22:17:43 - INFO - Login done.
2021-05-15 22:17:43 - INFO - Login done.
2021-05-15 22:21:53 - INFO - Login done.
2021-05-15 22:21:53 - INFO - Login done.
2021-05-15 22:25:01 - INFO - Login done.
2021-05-15 22:25:01 - INFO - Login done.
2021-05-15 22:30:40 - INFO - Login done.
2021-05-15 22:30:40 - INFO - Login done.
2021-05-15 22:31:25 - INFO - Login done.
2021-05-15 22:31:25 - INFO - Login done.
2021-05-15 22:33:39 - INFO - Login done.
2021-05-15 22:33:39 - INFO - Login done.
2021-05-15 22:36:49 - INFO - Login done.
2021-05-15 22:36:49 - INFO - Login done.
2021-05-15 22:40:23 - INFO - Login done.
2021-05-15 22:40:23 - INFO - Login done.
2021-05-15 22:43:18 - ERROR - invalid username or password!
2021-05-15 22:43:18 - ERROR - invalid username or password!
2021-05-15 22:43:30 - ERROR - invalid username or password and you can not log in!
2021-05-15 22:43:30 - ERROR - invalid username or password and you can not log in!
2021-05-15 22:43:53 - ERROR - invalid username or password!
2021-05-15 22:43:53 - ERROR - invalid username or password!
2021-05-15 22:44:23 - INFO - Login done.
2021-05-15 22:44:23 - INFO - Login done.
